[debug] [2023-08-05T07:37:45.621Z] ----------------------------------------------------------------------
[debug] [2023-08-05T07:37:45.622Z] Command:       C:\Program Files\nodejs\node.exe C:\Users\Balaji TK\AppData\Roaming\npm\node_modules\firebase-tools\lib\bin\firebase.js init
[debug] [2023-08-05T07:37:45.623Z] CLI Version:   12.4.7
[debug] [2023-08-05T07:37:45.623Z] Platform:      win32
[debug] [2023-08-05T07:37:45.623Z] Node Version:  v16.16.0
[debug] [2023-08-05T07:37:45.624Z] Time:          Sat Aug 05 2023 13:07:45 GMT+0530 (India Standard Time)
[debug] [2023-08-05T07:37:45.624Z] ----------------------------------------------------------------------
[debug] 
[debug] [2023-08-05T07:37:45.691Z] > command requires scopes: ["email","openid","https://www.googleapis.com/auth/cloudplatformprojects.readonly","https://www.googleapis.com/auth/firebase","https://www.googleapis.com/auth/cloud-platform"]
[debug] [2023-08-05T07:37:45.691Z] > authorizing via signed-in user (rasimax55@gmail.com)
[info] 
     ######## #### ########  ######## ########     ###     ######  ########
     ##        ##  ##     ## ##       ##     ##  ##   ##  ##       ##
     ######    ##  ########  ######   ########  #########  ######  ######
     ##        ##  ##    ##  ##       ##     ## ##     ##       ## ##
     ##       #### ##     ## ######## ########  ##     ##  ######  ########

You're about to initialize a Firebase project in this directory:

  C:\Users\Balaji TK

Before we get started, keep in mind:

  * You are initializing within an existing Firebase project directory

[info] 
=== Project Setup
[info] 
[info] First, let's associate this project directory with a Firebase project.
[info] You can create multiple project aliases by running firebase use --add, 
[info] but for now we'll just set up a default project.
[info] 
[debug] [2023-08-05T07:38:21.440Z] Using project from CLI flag: e-commerce-d6f30
[debug] [2023-08-05T07:38:21.442Z] >>> [apiv2][query] GET https://firebase.googleapis.com/v1beta1/projects/e-commerce-d6f30 [none]
[debug] [2023-08-05T07:38:22.319Z] <<< [apiv2][status] GET https://firebase.googleapis.com/v1beta1/projects/e-commerce-d6f30 200
[debug] [2023-08-05T07:38:22.319Z] <<< [apiv2][body] GET https://firebase.googleapis.com/v1beta1/projects/e-commerce-d6f30 {"projectId":"e-commerce-d6f30","projectNumber":"925446556607","displayName":"e-Commerce","name":"projects/e-commerce-d6f30","resources":{"hostingSite":"e-commerce-d6f30"},"state":"ACTIVE","etag":"1_b4a2e93b-310e-416d-b2c0-351956f9e8ec"}
[info] i  Using project e-commerce-d6f30 (e-Commerce) 
[info] 
=== Hosting Setup
[info] 
[info] Your public directory is the folder (relative to your project directory) that
[info] will contain Hosting assets to be uploaded with firebase deploy. If you
[info] have a build process for your assets, use your build's output directory.
[info] 
[debug] [2023-08-05T07:38:26.878Z] >>> [apiv2][query] GET https://www.gstatic.com/firebasejs/releases.json [none]
[debug] [2023-08-05T07:38:27.265Z] <<< [apiv2][status] GET https://www.gstatic.com/firebasejs/releases.json 200
[debug] [2023-08-05T07:38:27.265Z] <<< [apiv2][body] GET https://www.gstatic.com/firebasejs/releases.json {"current":{"version":"10.1.0","browserURL":"https://www.gstatic.com/firebasejs/10.1.0/firebase.js","packageURL":"https://www.gstatic.com/firebasejs/10.1.0/firebase.tgz"},"live":{"version":"10.1","browserURL":"https://www.gstatic.com/firebasejs/live/10.1/firebase.js","packageURL":"https://www.gstatic.com/firebasejs/live/10.1/firebase.tgz"},"components":{"analytics":"https://www.gstatic.com/firebasejs/10.1.0/firebase-analytics.js","app":"https://www.gstatic.com/firebasejs/10.1.0/firebase-app.js","app-check":"https://www.gstatic.com/firebasejs/10.1.0/firebase-app-check.js","auth":"https://www.gstatic.com/firebasejs/10.1.0/firebase-auth.js","auth/cordova":"https://www.gstatic.com/firebasejs/10.1.0/firebase-auth/cordova.js","functions":"https://www.gstatic.com/firebasejs/10.1.0/firebase-functions.js","firestore":"https://www.gstatic.com/firebasejs/10.1.0/firebase-firestore.js","firestore/lite":"https://www.gstatic.com/firebasejs/10.1.0/firebase-firestore/lite.js","installations":"https://www.gstatic.com/firebasejs/10.1.0/firebase-installations.js","storage":"https://www.gstatic.com/firebasejs/10.1.0/firebase-storage.js","performance":"https://www.gstatic.com/firebasejs/10.1.0/firebase-performance.js","remote-config":"https://www.gstatic.com/firebasejs/10.1.0/firebase-remote-config.js","messaging":"https://www.gstatic.com/firebasejs/10.1.0/firebase-messaging.js","messaging/sw":"https://www.gstatic.com/firebasejs/10.1.0/firebase-messaging/sw.js","database":"https://www.gstatic.com/firebasejs/10.1.0/firebase-database.js","firestore.memory":"https://www.gstatic.com/firebasejs/10.1.0/firebase-firestore.memory.js"}}
[info] +  Wrote public/index.html 
[info] 
[info] i  Didn't detect a .git folder. Assuming C:\Users\Balaji TK\Desktop\building is the project root. 
[info] i  Authorizing with GitHub to upload your service account to a GitHub repository's secrets store. 
[info] 
[info] Visit this URL on this device to log in:
[info] https://github.com/login/oauth/authorize?client_id=89cf50f02ac6aaed3484&state=320483792&redirect_uri=http%3A%2F%2Flocalhost%3A9005&scope=read%3Auser%20repo%20public_repo
[info] 
[info] Waiting for authentication...
[debug] [2023-08-05T07:38:32.974Z] >>> [apiv2][query] POST https://github.com/login/oauth/access_token [none]
[debug] [2023-08-05T07:38:32.975Z] >>> [apiv2][body] POST https://github.com/login/oauth/access_token [stream]
[debug] [2023-08-05T07:38:35.942Z] <<< [apiv2][status] POST https://github.com/login/oauth/access_token 200
[debug] [2023-08-05T07:38:35.942Z] <<< [apiv2][body] POST https://github.com/login/oauth/access_token {"access_token":"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","token_type":"bearer","scope":"read:user,repo"}
[debug] [2023-08-05T07:38:35.946Z] >>> [apiv2][query] GET https://api.github.com/user [none]
[debug] [2023-08-05T07:38:37.944Z] <<< [apiv2][status] GET https://api.github.com/user 200
[debug] [2023-08-05T07:38:37.944Z] <<< [apiv2][body] GET https://api.github.com/user {"login":"rasikumar","id":75570786,"node_id":"MDQ6VXNlcjc1NTcwNzg2","avatar_url":"https://avatars.githubusercontent.com/u/75570786?v=4","gravatar_id":"","url":"https://api.github.com/users/rasikumar","html_url":"https://github.com/rasikumar","followers_url":"https://api.github.com/users/rasikumar/followers","following_url":"https://api.github.com/users/rasikumar/following{/other_user}","gists_url":"https://api.github.com/users/rasikumar/gists{/gist_id}","starred_url":"https://api.github.com/users/rasikumar/starred{/owner}{/repo}","subscriptions_url":"https://api.github.com/users/rasikumar/subscriptions","organizations_url":"https://api.github.com/users/rasikumar/orgs","repos_url":"https://api.github.com/users/rasikumar/repos","events_url":"https://api.github.com/users/rasikumar/events{/privacy}","received_events_url":"https://api.github.com/users/rasikumar/received_events","type":"User","site_admin":false,"name":"Rasi Max","company":null,"blog":"","location":"Madurai","email":null,"hireable":null,"bio":"Dream of coding ❤️","twitter_username":null,"public_repos":8,"public_gists":0,"followers":0,"following":10,"created_at":"2020-12-06T12:53:13Z","updated_at":"2023-08-04T16:47:41Z","private_gists":0,"total_private_repos":0,"owned_private_repos":0,"disk_usage":21230,"collaborators":0,"two_factor_authentication":false,"plan":{"name":"free","space":976562499,"collaborators":0,"private_repos":10000}}
[info] 
[info] +  Success! Logged into GitHub as rasikumar 
[info] 
